<?xml version="1.0" encoding="UTF-8"?>
<!-- Generated by org.testng.reporters.JUnitReportReporter -->
<testsuite skipped="0" hostname="DESKTOP-QLSV19P" name="Tests.RegisterationTest" tests="2" failures="0" timestamp="2020-07-08T20:05:53 EET" time="24.372" errors="0">
  <testcase name="UserCanLoginSuccssfully" time="10.929" classname="Tests.RegisterationTest"/>
  <system-out>
The User is Successfully login to Gocardi and Pop Up appears  </system-out>
  <testcase name="UserCanRegisterSuccssfully" time="13.443" classname="Tests.RegisterationTest"/>
  <system-out>
The GoCardi Website is Opened Successfully The Language is Changed Successfully The Regiseration Page is Opened Successfully The User is Forgetten the last name value and validation mesage appears The User is Registered Successfully Into The GoCardi  </system-out>
</testsuite> <!-- Tests.RegisterationTest -->
